[2024-04-05T14:25:15.892165+0530] [0:00:00.375157] [__main__: 19] > starting script
[2024-04-05T14:25:19.575812+0530] [0:00:04.058804] [__main__: 34] > loading data
[2024-04-05T14:25:24.610856+0530] [0:00:09.093848] [__main__: 45] > scraping amazon data
[2024-04-05T14:25:27.815738+0530] [0:00:12.298730] [__main__: 58] > scraped amazon product: https://www.amazon.in/Carbamide-Forte-Arginine-Capsules-Serving/dp/B07XZ5V4BV/ref=sr_1_5?crid=GRP3SYTBX2NP&keywords=l+arginine&qid=1688017020&s=hpc&sprefix=l+arginine%2Chpc%2C187&sr=1-5
[2024-04-05T14:25:33.016326+0530] [0:00:17.499318] [__main__: 58] > scraped amazon product: https://www.amazon.in/Carbamide-Forte-Arginine-Powder-Beetroot/dp/B0B8RZ1MV1/ref=sr_1_6?crid=3JLDEDY3DUFTA&keywords=Arginine+powder&qid=1688017166&s=hpc&sprefix=arginine+powder%2Chpc%2C195&sr=1-6
[2024-04-05T14:25:35.812184+0530] [0:00:20.295176] [__main__: 58] > scraped amazon product: https://www.amazon.in/Carbamide-Forte-Multivitamins-Ingredients-Supplement/dp/B07RZ5QK1G/ref=sr_1_1?crid=1G3UBZEHSLQGY&keywords=B07RZ5QK1G&nsdOptOutParam=true&qid=1707214475&sprefix=b07rz5qk1g%2Caps%2C169&sr=8-1
[2024-04-05T14:25:38.544407+0530] [0:00:23.027399] [__main__: 58] > scraped amazon product: https://www.amazon.in/Carbamide-Forte-10000mcg-Gummies-Supplement/dp/B08V4Z5V1N/ref=sr_1_8?crid=3HBGYAUJPG26Q&dib=eyJ2IjoiMSJ9.KcHMiuh9MjFoEt4n6UgtFIHjFEP8pNE2TC5-7wHMIEqcmGm7Yxq7dLwiVcAQhbvTtHzH6Yn-PaB745JLwnMj3NOeSqvjYhTzP7qH2EawW-ZnqE2N-AY7zNpntvtZPQ3QAeLKQe-jHyr-Lg2db9rDii90DvwzAEqBoutP5XX_to6Sv3gsdi1-1pxSr79cALf0ekCU_ms6kkrSInABcN1a0uqYjO_n-KwXQGj-Fa25bG130kYE7h8CvQeH6Ym9Jzu6ArLW-j8I_y_0cl-LHRHV-sIWptYvZrbqPqbjc88sUCI.9siomH66Vwchzr6UFdqCuaS_EpIUvUZf2X483HVsuHE&dib_tag=se&keywords=carbamide+forte+biotin&qid=1708505895&sprefix=carbamide+forte+biotin%2Caps%2C398&sr=8-8
[2024-04-05T14:25:41.351556+0530] [0:00:25.834548] [__main__: 58] > scraped amazon product: https://www.amazon.in/Carbamide-Forte-10000mcg-Gummies-Supplement/dp/B08V4Y52ZM/ref=sr_1_4?crid=352EA8ODKJ2T5&keywords=carbamide%2Bforte%2Bbiotin%2Bgummies&qid=1707217624&refinements=p_n_availability%3A1318485031&rnid=1318483031&sprefix=carbamide%2Bforte%2Bbiotin%2Bgummies%2Caps%2C194&sr=8-4&th=1
[2024-04-05T14:25:41.351708+0530] [0:00:25.834700] [__main__: 77] > scraping flipcart data
[2024-04-05T14:25:42.442632+0530] [0:00:26.925624] [__main__: 86] > scraped flipcart product: https://www.flipkart.com/cf-chewable-cholecalciferol-vitamin-d3-60000iu-supplement-tablets/p/itmb4f1c9e05abee?pid=ALOG9ZSY54TARFJF&lid=LSTALOG9ZSY54TARFJF1LEY0K&marketplace=FLIPKART&q=vitamin+d&store=hlc&srno=s_1_8&otracker=search&fm=Search&iid=c6ee9fbe-2006-478d-bbc1-83cc98f34fb8.ALOG9ZSY54TARFJF.SEARCH&ppt=browse&ppn=browse&ssid=nvr9wcphv40000001650605488206&qH=da80118d5dad4c3e
[2024-04-05T14:25:43.749411+0530] [0:00:28.232403] [__main__: 86] > scraped flipcart product: https://www.flipkart.com/meltvit-chewable-vitamin-d3-10000-iu-cholecalciferol-d-supplement-women-men-orange-flavour-tablets/p/itm1fdacb9389fab?pid=ALOG9ZSYEQB7MVTS&lid=LSTALOG9ZSYEQB7MVTSRSKXZ6&marketplace=FLIPKART&q=MELTVIT&store=search.flipkart.com&srno=s_1_2&otracker=search&otracker1=search&fm=Search&iid=55e0622b-c19c-4b86-983b-677dd11b19dd.ALOG9ZSYEQB7MVTS.SEARCH&ppt=sp&ppn=sp&ssid=jz4a4fkbcg0000001653886231680&qH=14041a2e86924139
[2024-04-05T14:25:45.174793+0530] [0:00:29.657785] [__main__: 86] > scraped flipcart product: https://www.flipkart.com/meltvit-chewable-vitamin-d3-2000-iu-cholecalciferol-d-supplement-women-men-raspberry-flavour-tablets/p/itm1d53c5433db30?pid=ALOG9ZSYS6Z2NUFF&lid=LSTALOG9ZSYS6Z2NUFFI8MZIC&marketplace=FLIPKART&q=MELTVIT&store=search.flipkart.com&srno=s_1_1&otracker=search&otracker1=search&fm=Search&iid=416f7f0f-8651-4bec-be8e-45111d530816.ALOG9ZSYS6Z2NUFF.SEARCH&ppt=sp&ppn=sp&ssid=nu2khhobps0000001653886220059&qH=14041a2e86924139
[2024-04-05T14:25:47.287694+0530] [0:00:31.770686] [__main__: 89] > flipcart product not found: https://www.flipkart.com/5-15pm-instant-active-dry-yeast-powder-fast-acting-baking-breads-pizzas-100g/p/itmcc0bd2af0248a?pid=BKIG2K5EU8ZMMBUG
[2024-04-05T14:25:49.798934+0530] [0:00:34.281926] [__main__: 89] > flipcart product not found: https://www.flipkart.com/5-15pm-rolled-oats-500g-gluten-free-weight-loss-healthy-cereal-breakfast-pouch/p/itma5a36e64ee17b?pid=CAFGFEBGH8J5C2SE
[2024-04-05T14:25:49.799363+0530] [0:00:34.282355] [__main__: 104] > scraping 1mg data
[2024-04-05T14:25:51.314597+0530] [0:00:35.797589] [__main__: 113] > scraped 1mg product: https://www.1mg.com/otc/carbamide-forte-probiotics-2.75-billion-cfu-prebiotics-100mg-vegetarian-capsule-otc497014
[2024-04-05T14:25:52.088600+0530] [0:00:36.571592] [__main__: 113] > scraped 1mg product: https://www.1mg.com/otc/carbamide-forte-probiotics-30-billion-cfu-prebiotics-100mg-vegetarian-capsule-otc497017
[2024-04-05T14:25:52.578289+0530] [0:00:37.061281] [__main__: 113] > scraped 1mg product: https://www.1mg.com/otc/carbamide-forte-probiotics-30-billion-cfu-prebiotics-100mg-vegetarian-capsule-otc497017
[2024-04-05T14:25:53.376854+0530] [0:00:37.859846] [__main__: 113] > scraped 1mg product: https://www.1mg.com/otc/carbamide-forte-omega-3-600mg-double-strength-softgel-capsule-otc542962
[2024-04-05T14:25:54.018231+0530] [0:00:38.501223] [__main__: 116] > 1mg product not found: https://www.1mg.com/otc/carbamide-forte-burner-8x-2155.05mg-tablet-otc691042
[2024-04-05T14:25:54.018443+0530] [0:00:38.501435] [__main__: 130] > scraping nykaa data
[2024-04-05T14:25:54.636517+0530] [0:00:39.119509] [__main__: 139] > scraped nykaa product: https://www.nykaa.com/carbamide-forte-biotin-10000mcg-gummies-strawberry-orange-flavour/p/1202782?productId=1202794&skuId=1202782&pps=3
[2024-04-05T14:25:55.119680+0530] [0:00:39.602672] [__main__: 139] > scraped nykaa product: https://www.nykaa.com/carbamide-forte-biotin-10000mcg-gummies-strawberry-orange-flavour/p/1202794?productId=1202794&pps=10&skuId=1202783
[2024-04-05T14:25:55.543864+0530] [0:00:40.026856] [__main__: 139] > scraped nykaa product: https://www.nykaa.com/carbamide-forte-cold-pressed-virgin-coconut-oil/p/1202795?productId=1202795&pps=13&skuId=1202784
[2024-04-05T14:25:55.912196+0530] [0:00:40.395188] [__main__: 139] > scraped nykaa product: https://www.nykaa.com/carbamide-forte-cold-pressed-virgin-coconut-oil/p/1202795?productId=1202795&pps=13&skuId=1202785
[2024-04-05T14:25:56.245282+0530] [0:00:40.728274] [__main__: 142] > nykaa product not found: https://www.nykaa.com/carbamide-forte-vitamin-c-and-zinc-immunity-gummies-for-men-women-kids/p/1202786?productId=1202786&pps=9
[2024-04-05T14:25:56.245508+0530] [0:00:40.728500] [__main__: 156] > scraping hyugalife data
[2024-04-05T14:25:56.674350+0530] [0:00:41.157342] [__main__: 165] > scraped hyugalife product: https://hyugalife.com/product/carbamide-forte-liver-support-supplement-with-milk-thistle-extract-600mg-30-1-multivitamins-amino-acid-liver-detox-supplement-120-veg-tablets
[2024-04-05T14:25:56.889612+0530] [0:00:41.372604] [__main__: 165] > scraped hyugalife product: https://hyugalife.com/product/carbamide-forte-cold-pressed-flaxseed-oil-with-11500mg-omega-3-6-9-per-serving-for-eating-skin-hair-growth-500ml-vegetarian-oil
[2024-04-05T14:25:57.049037+0530] [0:00:41.532029] [__main__: 165] > scraped hyugalife product: https://hyugalife.com/product/carbamide-forte-melatonin-10mg-with-tagar-250mg-sleeping-aid-pills-60-veg-tablets
[2024-04-05T14:25:57.197414+0530] [0:00:41.680406] [__main__: 165] > scraped hyugalife product: https://hyugalife.com/product/carbamide-forte-melatonin-spray-with-tagara-chamomile-sleeping-aid-supplement-mint-flavour-300-sprays-50ml
[2024-04-05T14:25:57.360394+0530] [0:00:41.843386] [__main__: 165] > scraped hyugalife product: https://hyugalife.com/product/carbamide-forte-l-carnitine-concentrated-liquid-with-1500mg-per-serving-pre-post-workout-supplement-33-servings-500ml
[2024-04-05T14:25:57.415297+0530] [0:00:41.898289] [__main__: 186] > data scraping complete, compiling...
[2024-04-05T14:25:57.488150+0530] [0:00:41.971142] [__main__: 190] > compilation complete, emailing...
[2024-04-05T14:25:57.488390+0530] [0:00:41.971382] [__main__: 194] > script has run to completion!
